<?xml version="1.0" encoding="UTF-8"?>
<testsuite xmlns:xsi="http://www.w3.org/2001/XMLSchema-instance" xsi:noNamespaceSchemaLocation="https://maven.apache.org/surefire/maven-surefire-plugin/xsd/surefire-test-report-3.0.xsd" version="3.0" name="TestSuite" time="2.629" tests="4" errors="0" skipped="0" failures="0">
  <properties>
[...]
</properties>
  <testcase name="postRequestTest" classname="todo_test.C01_CreateTodo" time="1.377">
    <system-out><![CDATA[{
    "userId": 1,
    "id": 5,
    "title": "laboriosam mollitia et enim quasi adipisci quia provident illum",
    "completed": false
}
{
    "userId": 55,
    "title": "Tidy your room",
    "completed": false,
    "id": 201
}
]]></system-out>
    <system-err><![CDATA[SLF4J: Failed to load class "org.slf4j.impl.StaticLoggerBinder".
SLF4J: Defaulting to no-operation (NOP) logger implementation
SLF4J: See http://www.slf4j.org/codes.html#StaticLoggerBinder for further details.
]]></system-err>
  </testcase>
  <testcase name="postRequestTest" classname="todo_test.C02_GetTodo" time="1.378"/>
  <testcase name="postRequestTest" classname="todo_test.C04_DeleteTodo" time="0.516">
    <system-out><![CDATA[{
    
}
{
    "userId": 55,
    "title": "Read Books",
    "completed": false,
    "id": 15
}
]]></system-out>
  </testcase>
  <testcase name="postRequestTest" classname="todo_test.C03_UpdateTodo" time="0.536"/>
</testsuite>