<?xml version="1.0" encoding="UTF-8"?>
<testng-results ignored="0" total="4" passed="4" failed="0" skipped="0">
  <reporter-output>
  </reporter-output>
  <suite started-at="2024-04-26T16:58:17 TRT" name="All Test Suite" finished-at="2024-04-26T16:58:19 TRT" duration-ms="2295">
    <groups>
    </groups>
    <test started-at="2024-04-26T16:58:17 TRT" name="C:/Users/Clarusway/IdeaProjects/CWApiProject/src/test/java/todo_test" finished-at="2024-04-26T16:58:19 TRT" duration-ms="2295">
      <class name="todo_test.C03_UpdateTodo">
        <test-method is-config="true" signature="setUp()[pri:0, instance:todo_test.C03_UpdateTodo@5e82df6a]" started-at="2024-04-26T16:58:18 TRT" name="setUp" finished-at="2024-04-26T16:58:18 TRT" duration-ms="2" status="PASS">
          <reporter-output>
          </reporter-output>
        </test-method> <!-- setUp -->
        <test-method signature="postRequestTest()[pri:0, instance:todo_test.C03_UpdateTodo@5e82df6a]" started-at="2024-04-26T16:58:18 TRT" name="postRequestTest" finished-at="2024-04-26T16:58:19 TRT" duration-ms="536" status="PASS">
          <reporter-output>
          </reporter-output>
        </test-method> <!-- postRequestTest -->
      </class> <!-- todo_test.C03_UpdateTodo -->
      <class name="todo_test.C01_CreateTodo">
        <test-method is-config="true" signature="setUp()[pri:0, instance:todo_test.C01_CreateTodo@6ef888f6]" started-at="2024-04-26T16:58:17 TRT" name="setUp" finished-at="2024-04-26T16:58:17 TRT" duration-ms="357" status="PASS">
          <reporter-output>
          </reporter-output>
        </test-method> <!-- setUp -->
        <test-method signature="postRequestTest()[pri:0, instance:todo_test.C01_CreateTodo@6ef888f6]" started-at="2024-04-26T16:58:17 TRT" name="postRequestTest" finished-at="2024-04-26T16:58:18 TRT" duration-ms="1375" status="PASS">
          <reporter-output>
          </reporter-output>
        </test-method> <!-- postRequestTest -->
      </class> <!-- todo_test.C01_CreateTodo -->
      <class name="todo_test.C04_DeleteTodo">
        <test-method is-config="true" signature="setUp()[pri:0, instance:todo_test.C04_DeleteTodo@3f197a46]" started-at="2024-04-26T16:58:18 TRT" name="setUp" finished-at="2024-04-26T16:58:18 TRT" duration-ms="2" status="PASS">
          <reporter-output>
          </reporter-output>
        </test-method> <!-- setUp -->
        <test-method signature="postRequestTest()[pri:0, instance:todo_test.C04_DeleteTodo@3f197a46]" started-at="2024-04-26T16:58:18 TRT" name="postRequestTest" finished-at="2024-04-26T16:58:19 TRT" duration-ms="516" status="PASS">
          <reporter-output>
          </reporter-output>
        </test-method> <!-- postRequestTest -->
      </class> <!-- todo_test.C04_DeleteTodo -->
      <class name="todo_test.C02_GetTodo">
        <test-method is-config="true" signature="setUp()[pri:0, instance:todo_test.C02_GetTodo@7a69b07]" started-at="2024-04-26T16:58:17 TRT" name="setUp" finished-at="2024-04-26T16:58:17 TRT" duration-ms="357" status="PASS">
          <reporter-output>
          </reporter-output>
        </test-method> <!-- setUp -->
        <test-method signature="postRequestTest()[pri:0, instance:todo_test.C02_GetTodo@7a69b07]" started-at="2024-04-26T16:58:17 TRT" name="postRequestTest" finished-at="2024-04-26T16:58:18 TRT" duration-ms="1375" status="PASS">
          <reporter-output>
          </reporter-output>
        </test-method> <!-- postRequestTest -->
      </class> <!-- todo_test.C02_GetTodo -->
    </test> <!-- C:/Users/Clarusway/IdeaProjects/CWApiProject/src/test/java/todo_test -->
  </suite> <!-- All Test Suite -->
</testng-results>
